mode: set
Praktikum/controllers/userController.go:13.48,18.14 4 1
Praktikum/controllers/userController.go:18.14,20.3 1 0
Praktikum/controllers/userController.go:21.2,24.4 1 1
Praktikum/controllers/userController.go:27.53,30.16 2 1
Praktikum/controllers/userController.go:30.16,32.3 1 0
Praktikum/controllers/userController.go:34.2,36.16 2 1
Praktikum/controllers/userController.go:36.16,38.3 1 0
Praktikum/controllers/userController.go:40.2,43.4 1 1
Praktikum/controllers/userController.go:47.47,50.53 2 1
Praktikum/controllers/userController.go:50.53,52.3 1 0
Praktikum/controllers/userController.go:53.2,56.4 1 1
Praktikum/controllers/userController.go:60.46,62.16 2 1
Praktikum/controllers/userController.go:62.16,64.3 1 0
Praktikum/controllers/userController.go:66.2,67.57 2 1
Praktikum/controllers/userController.go:67.57,69.3 1 0
Praktikum/controllers/userController.go:71.2,74.4 1 1
Praktikum/controllers/userController.go:78.49,82.52 3 1
Praktikum/controllers/userController.go:82.52,84.3 1 0
Praktikum/controllers/userController.go:85.2,88.4 1 1
Praktikum/controllers/userController.go:92.49,95.16 2 1
Praktikum/controllers/userController.go:95.16,99.3 1 0
Praktikum/controllers/userController.go:101.2,102.73 2 1
Praktikum/controllers/userController.go:102.73,106.3 1 1
Praktikum/controllers/userController.go:108.2,108.54 1 1
Praktikum/controllers/userController.go:108.54,112.3 1 0
Praktikum/controllers/userController.go:114.2,117.4 1 1
Praktikum/controllers/userController.go:121.49,125.37 2 1
Praktikum/controllers/userController.go:125.37,129.3 1 0
Praktikum/controllers/userController.go:131.2,132.16 2 1
Praktikum/controllers/userController.go:132.16,136.3 1 0
Praktikum/controllers/userController.go:138.2,139.73 2 1
Praktikum/controllers/userController.go:139.73,143.3 1 0
Praktikum/controllers/userController.go:145.2,149.52 4 1
Praktikum/controllers/userController.go:149.52,153.3 1 0
Praktikum/controllers/userController.go:155.2,158.4 1 1
