mode: set
Praktikum/controllers/userController.go:13.48,18.14 4 1
Praktikum/controllers/userController.go:18.14,20.3 1 0
Praktikum/controllers/userController.go:21.2,24.4 1 1
Praktikum/controllers/userController.go:27.53,30.16 2 1
Praktikum/controllers/userController.go:30.16,32.3 1 1
Praktikum/controllers/userController.go:34.2,36.16 2 1
Praktikum/controllers/userController.go:36.16,38.3 1 0
Praktikum/controllers/userController.go:40.2,43.4 1 1
Praktikum/controllers/userController.go:47.47,48.42 1 1
Praktikum/controllers/userController.go:48.42,50.3 1 1
Praktikum/controllers/userController.go:52.2,54.53 2 1
Praktikum/controllers/userController.go:54.53,56.3 1 0
Praktikum/controllers/userController.go:58.2,61.4 1 1
Praktikum/controllers/userController.go:65.46,67.16 2 1
Praktikum/controllers/userController.go:67.16,69.3 1 1
Praktikum/controllers/userController.go:71.2,72.57 2 1
Praktikum/controllers/userController.go:72.57,74.3 1 0
Praktikum/controllers/userController.go:76.2,79.4 1 1
Praktikum/controllers/userController.go:83.49,87.52 3 1
Praktikum/controllers/userController.go:87.52,89.3 1 0
Praktikum/controllers/userController.go:90.2,93.4 1 1
Praktikum/controllers/userController.go:97.49,100.16 2 1
Praktikum/controllers/userController.go:100.16,104.3 1 0
Praktikum/controllers/userController.go:106.2,107.73 2 1
Praktikum/controllers/userController.go:107.73,111.3 1 1
Praktikum/controllers/userController.go:113.2,113.54 1 1
Praktikum/controllers/userController.go:113.54,117.3 1 0
Praktikum/controllers/userController.go:119.2,122.4 1 1
Praktikum/controllers/userController.go:126.49,130.37 2 1
Praktikum/controllers/userController.go:130.37,134.3 1 0
Praktikum/controllers/userController.go:136.2,137.16 2 1
Praktikum/controllers/userController.go:137.16,141.3 1 0
Praktikum/controllers/userController.go:143.2,144.73 2 1
Praktikum/controllers/userController.go:144.73,148.3 1 0
Praktikum/controllers/userController.go:150.2,154.52 4 1
Praktikum/controllers/userController.go:154.52,158.3 1 0
Praktikum/controllers/userController.go:160.2,163.4 1 1
